(---------------------------------------------------------------------)
(                                                                     )
(    Allegro Netrev Import Logic                                      )
(                                                                     )
(    Drawing          : BandPassButterworthTypeI.brd                  )
(    Software Version : 17.2S002                                      )
(    Date/Time        : Fri Feb 24 15:50:55 2017                      )
(                                                                     )
(---------------------------------------------------------------------)


------ Directives ------------

Ripup etch:                  No
Ripup delete first segment:  No
Ripup retain bondwire:       No
Ripup symbols:               Always
Missing symbol has error:    No
DRC update:                  Yes
Schematic directory:         '.'
Design Directory:            'C:/Users/mcarberry/Documents/GitHub/FilterTesting/cadence/Bandpass_Butterworth/pcb'
Old design name:             'C:/Users/mcarberry/Documents/GitHub/FilterTesting/cadence/Bandpass_Butterworth/pcb/BandPassButterworthTypeI.brd'
New design name:             'C:/Users/mcarberry/Documents/GitHub/FilterTesting/cadence/Bandpass_Butterworth/pcb/BandPassButterworthTypeI.brd'

CmdLine: netrev -$ -i . -y 1 -q netrev_constraint_report.xml C:/Users/mcarberry/Documents/GitHub/FilterTesting/cadence/Bandpass_Butterworth/pcb/#Taaaaah05296.tmp

------ Preparing to read pst files ------

Starting to read ./pstchip.dat 
   Finished reading ./pstchip.dat (00:00:00.04)
Starting to read ./pstxprt.dat 
   Finished reading ./pstxprt.dat (00:00:00.00)
Starting to read ./pstxnet.dat 
   Finished reading ./pstxnet.dat (00:00:00.00)

------ Oversights/Warnings/Errors ------


------ Library Paths ------
MODULEPATH =  . 
           C:/Cadence/SPB_17.2/share/local/pcb/modules 
           ../../Lib/modules 

PSMPATH =  . 
           ../../Lib/symbols 
           symbols 
           .. 
           ../symbols 
           c:/cadence/spb_17.2/share/local/pcb/symbols 
           c:/cadence/spb_17.2/share/pcb/pcb_lib/symbols 
           c:/cadence/spb_17.2/share/pcb/allegrolib/symbols 
           C:/Users/mcarberry/Documents/GitHub/Symbols/connectors/ 

PADPATH =  . 
           ../../Lib/padstacks 
           ../../Lib/symbols 
           symbols 
           .. 
           ../symbols 
           c:/cadence/spb_17.2/share/local/pcb/padstacks 
           c:/cadence/spb_17.2/share/pcb/pcb_lib/symbols 
           c:/cadence/spb_17.2/share/pcb/allegrolib/symbols 
           C:/Users/mcarberry/Documents/GitHub/Symbols/padstacks/ 


------ Summary Statistics ------


netrev run on Feb 24 15:50:55 2017
   DESIGN NAME : 'BANDPASS_BUTTERWORTH'
   PACKAGING ON Mar  2 2016 00:37:24

   COMPILE 'logic'
   CHECK_PIN_NAMES OFF
   CROSS_REFERENCE OFF
   FEEDBACK OFF
   INCREMENTAL OFF
   INTERFACE_TYPE PHYSICAL
   MAX_ERRORS 500
   MERGE_MINIMUM 5
   NET_NAME_CHARS '#%&()*+-./:=>?@[]^_`|'
   NET_NAME_LENGTH 24
   OVERSIGHTS ON
   REPLACE_CHECK OFF
   SINGLE_NODE_NETS ON
   SPLIT_MINIMUM 0
   SUPPRESS   20
   WARNINGS ON

 No error detected
 No oversight detected
 No warning detected

cpu time      0:00:35
elapsed time  0:00:00

