(---------------------------------------------------------------------)
(                                                                     )
(    ARTWORK LOG                                                      )
(                                                                     )
(    Drawing          : BandPassButterworthTypeI.brd                  )
(    Software Version : 17.2S002                                      )
(    Date/Time        : Fri Feb 24 16:05:30 2017                      )
(                                                                     )
(---------------------------------------------------------------------)


 ---- Photoplot outline rectangle not found; using drawing extents.




 Can't open parameter file ... using default values:
     DEVICE-TYPE        GERBER6X00
     G-CODES            NO
     STATIONS-PER-WHEEL 24
     FILM-SIZE          24000 16000
     COORDINATES        ABSOLUTE
     OUTPUT-UNITS       INCHES
     FORMAT             5.3
     ABORT-ON-ERROR     abort film & continue
     SUPPRESS-LEAD-ZEROES     YES
     SUPPRESS-TRAIL-ZEROES    NO
     OPTIMIZE           YES
     SUPPRESS-EQUAL     YES
     SCALE              1.0





================================================================
     PROCESSING FILM < TOP >
     TO FILE < C:/Users/mcarberry/Documents/GitHub/FilterTesting/cadence/Bandpass_Butterworth/pcb/artwork/TOP.art > ...
================================================================

  FILM PARAMETERS :
  ---------------------------------------------------------
  Undefined line width                0.0
  Mirror code                         NONE
  Rotate angle                        NONE
  Offset x:                           0.0
  Offset y:                           0.0
  Plot negative                       NO
  Suppress unconnected internal pads  NO
  Draw holes only                     NO



  APERTURES USED:
  ---------------------------------------------------------
  TYPE       SIZE/NAME                   ROT   MIRROR MODE 
  ---------------------------------------------------------
  CIRCLE     0.04000                                  DARK 
  SQUARE     0.05000                     0.000 NO     DARK 
  RECTANGLE  0.04000     x 0.04800       0.000 NO     DARK 
  RECTANGLE  0.04000     x 0.04800      90.000 NO     DARK 
  RECTANGLE  0.20000     x 0.09000       0.000 NO     DARK 

     TOP created with warnings


================================================================
     PROCESSING FILM < SMT >
     TO FILE < C:/Users/mcarberry/Documents/GitHub/FilterTesting/cadence/Bandpass_Butterworth/pcb/artwork/SMT.art > ...
================================================================

  FILM PARAMETERS :
  ---------------------------------------------------------
  Undefined line width                0.0
  Mirror code                         NONE
  Rotate angle                        NONE
  Offset x:                           0.0
  Offset y:                           0.0
  Plot negative                       NO
  Suppress unconnected internal pads  NO
  Draw holes only                     NO



  APERTURES USED:
  ---------------------------------------------------------
  TYPE       SIZE/NAME                   ROT   MIRROR MODE 
  ---------------------------------------------------------
  SQUARE     0.05000                     0.000 NO     DARK 
  RECTANGLE  0.04000     x 0.04800       0.000 NO     DARK 
  RECTANGLE  0.04000     x 0.04800      90.000 NO     DARK 
  RECTANGLE  0.20000     x 0.09000       0.000 NO     DARK 

     SMT created with warnings


================================================================
     PROCESSING FILM < MECH >
     TO FILE < C:/Users/mcarberry/Documents/GitHub/FilterTesting/cadence/Bandpass_Butterworth/pcb/artwork/MECH.art > ...
================================================================

  FILM PARAMETERS :
  ---------------------------------------------------------
  Undefined line width                0.0
  Mirror code                         NONE
  Rotate angle                        NONE
  Offset x:                           0.0
  Offset y:                           0.0
  Plot negative                       NO
  Suppress unconnected internal pads  NO
  Draw holes only                     NO

    WARNING: 0 width line found at (0.0 1000.0)
           ... ignored.



  APERTURES USED:  NONE
     MECH created with warnings


------------------------------------------------------
 SUMMARY:
        TOP created with warnings
        SMT created with warnings
        MECH created with warnings

 ARTWORK had warnings
